

------------


15297780
------------



------------



------------



------------

<?xml version="1.0" encoding="utf-8"?>
<ARBUpdateSubscriptionRequest xmlns= "AnetApi/xml/v1/schema/AnetApiSchema.xsd">
	  <merchantAuthentication>
	  	<name>4DvS9sFkx3R</name>	  	<transactionKey>8J95Sg6z3t46yVJ5</transactionKey>	  </merchantAuthentication>	<subscription>
		<name>Rainleads pro</name>
		<amount>29</amount>
		<payment>
			<creditCard>
				<cardNumber></cardNumber>
				<expirationDate>2012-01</expirationDate>
				<cardCode></cardCode>
			</creditCard>
		</payment>
		<customer>
			<id>2</id>
			<email>luc@pearsestreet.com</email>
		</customer>
		<billTo>
			<firstName>Luc</firstName>
			<lastName>Vachon</lastName>
			<address></address>
			<city></city>
			<state>AL</state>
			<zip></zip>
		</billTo>
	</subscription>
</ARBCreateSubscriptionRequest>

------------

<?xml version="1.0" encoding="utf-8"?>
<ARBUpdateSubscriptionRequest xmlns= "AnetApi/xml/v1/schema/AnetApiSchema.xsd">
	  <merchantAuthentication>
	  	<name>4DvS9sFkx3R</name>	  	<transactionKey>8J95Sg6z3t46yVJ5</transactionKey>	  </merchantAuthentication>	<subscription>
		<name>Rainleads pro</name>
		<amount>29</amount>
		<payment>
			<creditCard>
				<cardNumber></cardNumber>
				<expirationDate>2012-01</expirationDate>
				<cardCode></cardCode>
			</creditCard>
		</payment>
		<customer>
			<id>2</id>
			<email>luc@pearsestreet.com</email>
		</customer>
		<billTo>
			<firstName>Luc</firstName>
			<lastName>Vachon</lastName>
			<address></address>
			<city></city>
			<state>AL</state>
			<zip></zip>
		</billTo>
	</subscription>
</ARBCreateSubscriptionRequest>

------------

<?xml version="1.0" encoding="utf-8"?>
<ARBUpdateSubscriptionRequest xmlns= "AnetApi/xml/v1/schema/AnetApiSchema.xsd">
	  <merchantAuthentication>
	  	<name>4DvS9sFkx3R</name>	  	<transactionKey>8J95Sg6z3t46yVJ5</transactionKey>	  </merchantAuthentication>	<subscription>
		<name>Rainleads basic</name>
		<amount>29</amount>
		<payment>
			<creditCard>
				<cardNumber></cardNumber>
				<expirationDate>2012-01</expirationDate>
				<cardCode></cardCode>
			</creditCard>
		</payment>
		<customer>
			<id>2</id>
			<email>luc@pearsestreet.com</email>
		</customer>
		<billTo>
			<firstName>Luc</firstName>
			<lastName>Vachon</lastName>
			<address></address>
			<city></city>
			<state>AL</state>
			<zip></zip>
		</billTo>
	</subscription>
</ARBCreateSubscriptionRequest>

------------

<?xml version="1.0" encoding="utf-8"?>
<ARBUpdateSubscriptionRequest xmlns= "AnetApi/xml/v1/schema/AnetApiSchema.xsd">
	  <merchantAuthentication>
	  	<name>4DvS9sFkx3R</name>	  	<transactionKey>8J95Sg6z3t46yVJ5</transactionKey>	  </merchantAuthentication>	<subscription>
		<name>Rainleads lite</name>
		<amount>9</amount>
		<payment>
			<creditCard>
				<cardNumber></cardNumber>
				<expirationDate>2012-01</expirationDate>
				<cardCode></cardCode>
			</creditCard>
		</payment>
		<customer>
			<id>2</id>
			<email>luc@pearsestreet.com</email>
		</customer>
		<billTo>
			<firstName>Luc</firstName>
			<lastName>Vachon</lastName>
			<address></address>
			<city></city>
			<state>AL</state>
			<zip></zip>
		</billTo>
	</subscription>
</ARBCreateSubscriptionRequest>

------------

<?xml version="1.0" encoding="utf-8"?>
<ARBCreateSubscriptionRequest xmlns= "AnetApi/xml/v1/schema/AnetApiSchema.xsd">
	<merchantAuthentication>
		<name>4DvS9sFkx3R</name>		<transactionKey>8J95Sg6z3t46yVJ5</transactionKey>	</merchantAuthentication>	<subscription>
		<name>Rainleads lite</name>
		<paymentSchedule>
			<interval>
				<length>1</length>
				<unit>months</unit>
			</interval>
			<startDate>2013-01-13</startDate>
			<totalOccurrences>9999</totalOccurrences>
		</paymentSchedule>
		<amount>9</amount>
		<payment>
			<creditCard>
				<cardNumber></cardNumber>
				<expirationDate>2012-01</expirationDate>
				<cardCode></cardCode>
			</creditCard>
		</payment>
		<customer>
			<id>2</id>
			<email>luc@pearsestreet.com</email>
		</customer>
		<billTo>
			<firstName>Luc</firstName>
			<lastName>Vachon</lastName>
			<address></address>
			<city></city>
			<state>AL</state>
			<zip></zip>
		</billTo>
	</subscription>
</ARBCreateSubscriptionRequest>

------------

<?xml version="1.0" encoding="utf-8"?>
<ARBCreateSubscriptionRequest xmlns= "AnetApi/xml/v1/schema/AnetApiSchema.xsd">
	<merchantAuthentication>
		<name>4DvS9sFkx3R</name>		<transactionKey>8J95Sg6z3t46yVJ5</transactionKey>	</merchantAuthentication>	<subscription>
		<name>Rainleads lite</name>
		<paymentSchedule>
			<interval>
				<length>1</length>
				<unit>months</unit>
			</interval>
			<startDate>2013-01-13</startDate>
			<totalOccurrences>9999</totalOccurrences>
		</paymentSchedule>
		<amount>9</amount>
		<payment>
			<creditCard>
				<cardNumber>4111111111111111</cardNumber>
				<expirationDate>2015-01</expirationDate>
				<cardCode>123</cardCode>
			</creditCard>
		</payment>
		<customer>
			<id>2</id>
			<email>luc@pearsestreet.com</email>
		</customer>
		<billTo>
			<firstName>Luc</firstName>
			<lastName>Vachon</lastName>
			<address>1234567890</address>
			<city>123 fake st</city>
			<state>AL</state>
			<zip>AK</zip>
		</billTo>
	</subscription>
</ARBCreateSubscriptionRequest>
15308247
------------

<?xml version="1.0" encoding="utf-8"?>
<ARBCreateSubscriptionRequest xmlns= "AnetApi/xml/v1/schema/AnetApiSchema.xsd">
	<merchantAuthentication>
		<name>4DvS9sFkx3R</name>		<transactionKey>8J95Sg6z3t46yVJ5</transactionKey>	</merchantAuthentication>	<subscription>
		<name>Rainleads basic</name>
		<paymentSchedule>
			<interval>
				<length>1</length>
				<unit>months</unit>
			</interval>
			<startDate>2013-01-16</startDate>
			<totalOccurrences>9999</totalOccurrences>
		</paymentSchedule>
		<amount>29</amount>
		<payment>
			<creditCard>
				<cardNumber>372733713501001</cardNumber>
				<expirationDate>2013-05</expirationDate>
				<cardCode>4663</cardCode>
			</creditCard>
		</payment>
		<customer>
			<id>2</id>
			<email>luc@pearsestreet.com</email>
		</customer>
		<billTo>
			<firstName>Fuchsia</firstName>
			<lastName>McInerney</lastName>
			<address>2 Hillcrest Ave</address>
			<city>Lynn</city>
			<state>MA</state>
			<zip>01904</zip>
		</billTo>
	</subscription>
</ARBCreateSubscriptionRequest>
15327344
------------

<?xml version="1.0" encoding="utf-8"?>
<ARBCreateSubscriptionRequest xmlns= "AnetApi/xml/v1/schema/AnetApiSchema.xsd">
	<merchantAuthentication>
		<name>4DvS9sFkx3R</name>		<transactionKey>8J95Sg6z3t46yVJ5</transactionKey>	</merchantAuthentication>	<subscription>
		<name>Rainleads lite</name>
		<paymentSchedule>
			<interval>
				<length>1</length>
				<unit>months</unit>
			</interval>
			<startDate>2013-01-16</startDate>
			<totalOccurrences>9999</totalOccurrences>
		</paymentSchedule>
		<amount>9</amount>
		<payment>
			<creditCard>
				<cardNumber>372733713501001</cardNumber>
				<expirationDate>2013-05</expirationDate>
				<cardCode>4663</cardCode>
			</creditCard>
		</payment>
		<customer>
			<id>2</id>
			<email>luc@pearsestreet.com</email>
		</customer>
		<billTo>
			<firstName>Fuchsia</firstName>
			<lastName>McInerney</lastName>
			<address>2 Hillcrest Ave</address>
			<city>Lynn</city>
			<state>MA</state>
			<zip>01904</zip>
		</billTo>
	</subscription>
</ARBCreateSubscriptionRequest>
15328202
------------

<?xml version="1.0" encoding="utf-8"?>
<ARBCreateSubscriptionRequest xmlns= "AnetApi/xml/v1/schema/AnetApiSchema.xsd">
	<merchantAuthentication>
		<name>4DvS9sFkx3R</name>		<transactionKey>8J95Sg6z3t46yVJ5</transactionKey>	</merchantAuthentication>	<subscription>
		<name>Rainleads pro</name>
		<paymentSchedule>
			<interval>
				<length>1</length>
				<unit>months</unit>
			</interval>
			<startDate>2013-01-16</startDate>
			<totalOccurrences>9999</totalOccurrences>
		</paymentSchedule>
		<amount>49</amount>
		<payment>
			<creditCard>
				<cardNumber>372733713501001</cardNumber>
				<expirationDate>2013-05</expirationDate>
				<cardCode>4663</cardCode>
			</creditCard>
		</payment>
		<customer>
			<id>2</id>
			<email>luc@pearsestreet.com</email>
		</customer>
		<billTo>
			<firstName>Fuchsia</firstName>
			<lastName>McInerney</lastName>
			<address>2 Hillcrest Ave</address>
			<city>Lynn</city>
			<state>MA</state>
			<zip>01904</zip>
		</billTo>
	</subscription>
</ARBCreateSubscriptionRequest>
15328265
------------

<?xml version="1.0" encoding="utf-8"?>
<ARBUpdateSubscriptionRequest xmlns="AnetApi/xml/v1/schema/AnetApiSchema.xsd">
	<subscriptionId>15328265</subscriptionId>	<merchantAuthentication>
		<name>4DvS9sFkx3R</name>		<transactionKey>8J95Sg6z3t46yVJ5</transactionKey>	</merchantAuthentication>	<subscription>
		<amount>9</amount>
		<payment>
			<creditCard>
				<cardNumber>xxxx xxxx xxxx 1001</cardNumber>
				<expirationDate>2013-05</expirationDate>
				<cardCode>4663</cardCode>
			</creditCard>
		</payment>
		<customer>
			<id>2</id>
			<email>luc@pearsestreet.com</email>
		</customer>
		<billTo>
			<firstName>Fuchsia</firstName>
			<lastName>Mcinerney</lastName>
			<address></address>
			<city></city>
			<state>AL</state>
			<zip>01904</zip>
		</billTo>
	</subscription>
</ARBUpdateSubscriptionRequest>

------------

<?xml version="1.0" encoding="utf-8"?>
<ARBCreateSubscriptionRequest xmlns= "AnetApi/xml/v1/schema/AnetApiSchema.xsd">
	<merchantAuthentication>
		<name>4DvS9sFkx3R</name>		<transactionKey>8J95Sg6z3t46yVJ5</transactionKey>	</merchantAuthentication>	<subscription>
		<name>Rainleads lite</name>
		<paymentSchedule>
			<interval>
				<length>1</length>
				<unit>months</unit>
			</interval>
			<startDate>2013-01-16</startDate>
			<totalOccurrences>9999</totalOccurrences>
		</paymentSchedule>
		<amount>9</amount>
		<payment>
			<creditCard>
				<cardNumber>xxxx xxxx xxxx 1001</cardNumber>
				<expirationDate>2013-05</expirationDate>
				<cardCode>4663</cardCode>
			</creditCard>
		</payment>
		<customer>
			<id>2</id>
			<email>luc@pearsestreet.com</email>
		</customer>
		<billTo>
			<firstName>Fuchsia</firstName>
			<lastName>Mcinerney</lastName>
			<address></address>
			<city></city>
			<state>AL</state>
			<zip>01904</zip>
		</billTo>
	</subscription>
</ARBCreateSubscriptionRequest>
15329849
------------

<?xml version="1.0" encoding="utf-8"?>
<ARBUpdateSubscriptionRequest xmlns="AnetApi/xml/v1/schema/AnetApiSchema.xsd">
	<merchantAuthentication>
		<name>4DvS9sFkx3R</name>		<transactionKey>8J95Sg6z3t46yVJ5</transactionKey>	</merchantAuthentication>	<subscriptionId>15329849</subscriptionId>	<subscription>
		<amount>29</amount>
		<payment>
			<creditCard>
				<cardNumber>xxxx xxxx xxxx 1001</cardNumber>
				<expirationDate>2013-05</expirationDate>
				<cardCode>4663</cardCode>
			</creditCard>
		</payment>
		<customer>
			<id>2</id>
			<email>luc@pearsestreet.com</email>
		</customer>
		<billTo>
			<firstName>Fuchsia</firstName>
			<lastName>Mcinerney</lastName>
			<address></address>
			<city>2 Hillcrest Ave</city>
			<state>MA</state>
			<zip>01904</zip>
		</billTo>
	</subscription>
</ARBUpdateSubscriptionRequest>

------------

<?xml version="1.0" encoding="utf-8"?>
<ARBCreateSubscriptionRequest xmlns= "AnetApi/xml/v1/schema/AnetApiSchema.xsd">
	<merchantAuthentication>
		<name>4DvS9sFkx3R</name>		<transactionKey>8J95Sg6z3t46yVJ5</transactionKey>	</merchantAuthentication>	<subscription>
		<name>Rainleads lite</name>
		<paymentSchedule>
			<interval>
				<length>1</length>
				<unit>months</unit>
			</interval>
			<startDate>2013-01-16</startDate>
			<totalOccurrences>9999</totalOccurrences>
		</paymentSchedule>
		<amount>9</amount>
		<payment>
			<creditCard>
				<cardNumber>xxxx xxxx xxxx 1001</cardNumber>
				<expirationDate>2013-05</expirationDate>
				<cardCode>4663</cardCode>
			</creditCard>
		</payment>
		<customer>
			<id>2</id>
			<email>luc@pearsestreet.com</email>
		</customer>
		<billTo>
			<firstName>Fuchsia</firstName>
			<lastName>Mcinerney</lastName>
			<address></address>
			<city>2 Hillcrest Ave</city>
			<state>MA</state>
			<zip>01904</zip>
		</billTo>
	</subscription>
</ARBCreateSubscriptionRequest>
15330003
------------

<?xml version="1.0" encoding="utf-8"?>
<ARBUpdateSubscriptionRequest xmlns="AnetApi/xml/v1/schema/AnetApiSchema.xsd">
	<merchantAuthentication>
		<name>4DvS9sFkx3R</name>		<transactionKey>8J95Sg6z3t46yVJ5</transactionKey>	</merchantAuthentication>	<subscriptionId>15330003</subscriptionId>	<subscription>
		<amount>29</amount>
		<payment>
			<creditCard>
				<cardNumber>xxxx xxxx xxxx 1001</cardNumber>
				<expirationDate>2013-05</expirationDate>
				<cardCode>4663</cardCode>
			</creditCard>
		</payment>
		<customer>
			<id>2</id>
			<email>luc@pearsestreet.com</email>
		</customer>
		<billTo>
			<firstName>Fuchsia</firstName>
			<lastName>Mcinerney</lastName>
			<address></address>
			<city>2 Hillcrest Ave</city>
			<state>MA</state>
			<zip>01904</zip>
		</billTo>
	</subscription>
</ARBUpdateSubscriptionRequest>
15330003
------------

<?xml version="1.0" encoding="utf-8"?>
<ARBUpdateSubscriptionRequest xmlns="AnetApi/xml/v1/schema/AnetApiSchema.xsd">
	<merchantAuthentication>
		<name>4DvS9sFkx3R</name>		<transactionKey>8J95Sg6z3t46yVJ5</transactionKey>	</merchantAuthentication>	<subscriptionId>15330003</subscriptionId>	<subscription>
		<amount>9</amount>
		<payment>
			<creditCard>
				<cardNumber>xxxx xxxx xxxx 1001</cardNumber>
				<expirationDate>2013-05</expirationDate>
				<cardCode>4663</cardCode>
			</creditCard>
		</payment>
		<customer>
			<id>2</id>
			<email>luc@pearsestreet.com</email>
		</customer>
		<billTo>
			<firstName>Fuchsia</firstName>
			<lastName>Mcinerney</lastName>
			<address></address>
			<city></city>
			<state>AL</state>
			<zip>01904</zip>
		</billTo>
	</subscription>
</ARBUpdateSubscriptionRequest>
15330003
------------

<?xml version='1.0' encoding='utf-8'?>
	<ARBCancelSubscriptionRequest xmlns="AnetApi/xml/v1/schema/AnetApiSchema.xsd">
		<merchantAuthentication>
			<name>4DvS9sFkx3R</name>			<transactionKey>8J95Sg6z3t46yVJ5</transactionKey>		</merchantAuthentication>
		<subscriptionId>15330003</subscriptionId>
	</ARBCancelSubscriptionRequest>

------------

<?xml version="1.0" encoding="utf-8"?>
<ARBCreateSubscriptionRequest xmlns= "AnetApi/xml/v1/schema/AnetApiSchema.xsd">
	<merchantAuthentication>
		<name>4DvS9sFkx3R</name>		<transactionKey>8J95Sg6z3t46yVJ5</transactionKey>	</merchantAuthentication>	<subscription>
		<name>Rainleads basic</name>
		<paymentSchedule>
			<interval>
				<length>1</length>
				<unit>months</unit>
			</interval>
			<startDate>2013-01-17</startDate>
			<totalOccurrences>9999</totalOccurrences>
		</paymentSchedule>
		<amount>29</amount>
		<payment>
			<creditCard>
				<cardNumber>xxxx xxxx xxxx 6398</cardNumber>
				<expirationDate>2014-02</expirationDate>
				<cardCode>809</cardCode>
			</creditCard>
		</payment>
		<customer>
			<id>2</id>
			<email>luc@pearsestreet.com</email>
		</customer>
		<billTo>
			<firstName>Luc</firstName>
			<lastName>Vachon</lastName>
			<address></address>
			<city></city>
			<state>AL</state>
			<zip>01821</zip>
		</billTo>
	</subscription>
</ARBCreateSubscriptionRequest>
15342363
------------

<?xml version="1.0" encoding="utf-8"?>
<ARBUpdateSubscriptionRequest xmlns="AnetApi/xml/v1/schema/AnetApiSchema.xsd">
	<merchantAuthentication>
		<name>4DvS9sFkx3R</name>		<transactionKey>8J95Sg6z3t46yVJ5</transactionKey>	</merchantAuthentication>	<subscriptionId>15342363</subscriptionId>	<subscription>
		<amount>29</amount>
	</subscription>
</ARBUpdateSubscriptionRequest>

------------

<?xml version="1.0" encoding="utf-8"?>
<ARBUpdateSubscriptionRequest xmlns="AnetApi/xml/v1/schema/AnetApiSchema.xsd">
	<merchantAuthentication>
		<name>4DvS9sFkx3R</name>		<transactionKey>8J95Sg6z3t46yVJ5</transactionKey>	</merchantAuthentication>	<subscriptionId>15342363</subscriptionId>	<subscription>
		<amount>29</amount>
	</subscription>
</ARBUpdateSubscriptionRequest>

------------

<?xml version="1.0" encoding="utf-8"?>
<ARBUpdateSubscriptionRequest xmlns="AnetApi/xml/v1/schema/AnetApiSchema.xsd">
	<merchantAuthentication>
		<name>4DvS9sFkx3R</name>		<transactionKey>8J95Sg6z3t46yVJ5</transactionKey>	</merchantAuthentication>	<subscriptionId>15342363</subscriptionId>	<subscription>
		<amount>34</amount>
	</subscription>
</ARBUpdateSubscriptionRequest>

------------

<?xml version="1.0" encoding="utf-8"?>
<ARBUpdateSubscriptionRequest xmlns="AnetApi/xml/v1/schema/AnetApiSchema.xsd">
	<merchantAuthentication>
		<name>4DvS9sFkx3R</name>		<transactionKey>8J95Sg6z3t46yVJ5</transactionKey>	</merchantAuthentication>	<subscriptionId>15342363</subscriptionId>	<subscription>
		<amount>39</amount>
	</subscription>
</ARBUpdateSubscriptionRequest>

------------

<?xml version="1.0" encoding="utf-8"?>
<ARBUpdateSubscriptionRequest xmlns="AnetApi/xml/v1/schema/AnetApiSchema.xsd">
	<merchantAuthentication>
		<name>4DvS9sFkx3R</name>		<transactionKey>8J95Sg6z3t46yVJ5</transactionKey>	</merchantAuthentication>	<subscriptionId>15342363</subscriptionId>	<subscription>
		<amount>44</amount>
	</subscription>
</ARBUpdateSubscriptionRequest>

------------

<?xml version="1.0" encoding="utf-8"?>
<ARBUpdateSubscriptionRequest xmlns="AnetApi/xml/v1/schema/AnetApiSchema.xsd">
	<merchantAuthentication>
		<name>4DvS9sFkx3R</name>		<transactionKey>8J95Sg6z3t46yVJ5</transactionKey>	</merchantAuthentication>	<subscriptionId>15342363</subscriptionId>	<subscription>
		<amount>39</amount>
	</subscription>
</ARBUpdateSubscriptionRequest>

------------

<?xml version="1.0" encoding="utf-8"?>
<ARBUpdateSubscriptionRequest xmlns="AnetApi/xml/v1/schema/AnetApiSchema.xsd">
	<merchantAuthentication>
		<name>4DvS9sFkx3R</name>		<transactionKey>8J95Sg6z3t46yVJ5</transactionKey>	</merchantAuthentication>	<subscriptionId>15342363</subscriptionId>	<subscription>
		<amount>34</amount>
	</subscription>
</ARBUpdateSubscriptionRequest>

------------

<?xml version='1.0' encoding='utf-8'?>
	<ARBCancelSubscriptionRequest xmlns="AnetApi/xml/v1/schema/AnetApiSchema.xsd">
		<merchantAuthentication>
			<name>4DvS9sFkx3R</name>			<transactionKey>8J95Sg6z3t46yVJ5</transactionKey>		</merchantAuthentication>
		<subscriptionId>15342363</subscriptionId>
	</ARBCancelSubscriptionRequest>

------------

<?xml version="1.0" encoding="utf-8"?>
<ARBCreateSubscriptionRequest xmlns= "AnetApi/xml/v1/schema/AnetApiSchema.xsd">
	<merchantAuthentication>
		<name>4DvS9sFkx3R</name>		<transactionKey>8J95Sg6z3t46yVJ5</transactionKey>	</merchantAuthentication>	<subscription>
		<name>Rainleads basic</name>
		<paymentSchedule>
			<interval>
				<length>1</length>
				<unit>months</unit>
			</interval>
			<startDate>2013-01-17</startDate>
			<totalOccurrences>9999</totalOccurrences>
		</paymentSchedule>
		<amount>29</amount>
		<payment>
			<creditCard>
				<cardNumber>xxxx xxxx xxxx 6398</cardNumber>
				<expirationDate>2014-02</expirationDate>
				<cardCode>809</cardCode>
			</creditCard>
		</payment>
		<customer>
			<id>2</id>
			<email>luc@pearsestreet.com</email>
		</customer>
		<billTo>
			<firstName>Luc</firstName>
			<lastName>Vachon</lastName>
			<address></address>
			<city></city>
			<state>AL</state>
			<zip>01821</zip>
		</billTo>
	</subscription>
</ARBCreateSubscriptionRequest>
15342922
------------

<?xml version="1.0" encoding="utf-8"?>
<ARBUpdateSubscriptionRequest xmlns="AnetApi/xml/v1/schema/AnetApiSchema.xsd">
	<merchantAuthentication>
		<name>4DvS9sFkx3R</name>		<transactionKey>8J95Sg6z3t46yVJ5</transactionKey>	</merchantAuthentication>	<subscriptionId>15342922</subscriptionId>	<subscription>
		<amount>34</amount>
	</subscription>
</ARBUpdateSubscriptionRequest>

------------

<?xml version="1.0" encoding="utf-8"?>
<ARBUpdateSubscriptionRequest xmlns="AnetApi/xml/v1/schema/AnetApiSchema.xsd">
	<merchantAuthentication>
		<name>4DvS9sFkx3R</name>		<transactionKey>8J95Sg6z3t46yVJ5</transactionKey>	</merchantAuthentication>	<subscriptionId>15342922</subscriptionId>	<subscription>
		<amount>39</amount>
	</subscription>
</ARBUpdateSubscriptionRequest>

------------

<?xml version="1.0" encoding="utf-8"?>
<ARBUpdateSubscriptionRequest xmlns="AnetApi/xml/v1/schema/AnetApiSchema.xsd">
	<merchantAuthentication>
		<name>4DvS9sFkx3R</name>		<transactionKey>8J95Sg6z3t46yVJ5</transactionKey>	</merchantAuthentication>	<subscriptionId>15342922</subscriptionId>	<subscription>
		<amount>29</amount>
		<payment>
			<creditCard>
				<cardNumber>xxxx xxxx xxxx 6398</cardNumber>
				<expirationDate>2014-02</expirationDate>
				<cardCode>809</cardCode>
			</creditCard>
		</payment>
		<customer>
			<id>2</id>
			<email>luc@pearsestreet.com</email>
		</customer>
		<billTo>
			<firstName>Luc</firstName>
			<lastName>Vachon</lastName>
			<address></address>
			<city></city>
			<state>AL</state>
			<zip>01821</zip>
		</billTo>
	</subscription>
</ARBUpdateSubscriptionRequest>
15342922
------------

<?xml version="1.0" encoding="utf-8"?>
<ARBUpdateSubscriptionRequest xmlns="AnetApi/xml/v1/schema/AnetApiSchema.xsd">
	<merchantAuthentication>
		<name>4DvS9sFkx3R</name>		<transactionKey>8J95Sg6z3t46yVJ5</transactionKey>	</merchantAuthentication>	<subscriptionId>15342922</subscriptionId>	<subscription>
		<amount>34</amount>
	</subscription>
</ARBUpdateSubscriptionRequest>

------------

<?xml version="1.0" encoding="utf-8"?>
<ARBUpdateSubscriptionRequest xmlns="AnetApi/xml/v1/schema/AnetApiSchema.xsd">
	<merchantAuthentication>
		<name>4DvS9sFkx3R</name>		<transactionKey>8J95Sg6z3t46yVJ5</transactionKey>	</merchantAuthentication>	<subscriptionId>15342922</subscriptionId>	<subscription>
		<amount>39</amount>
	</subscription>
</ARBUpdateSubscriptionRequest>

------------

<?xml version='1.0' encoding='utf-8'?>
	<ARBCancelSubscriptionRequest xmlns="AnetApi/xml/v1/schema/AnetApiSchema.xsd">
		<merchantAuthentication>
			<name>4DvS9sFkx3R</name>			<transactionKey>8J95Sg6z3t46yVJ5</transactionKey>		</merchantAuthentication>
		<subscriptionId>15342922</subscriptionId>
	</ARBCancelSubscriptionRequest>

------------

<?xml version='1.0' encoding='utf-8'?>
	<ARBCancelSubscriptionRequest xmlns="AnetApi/xml/v1/schema/AnetApiSchema.xsd">
		<merchantAuthentication>
			<name>4DvS9sFkx3R</name>			<transactionKey>8J95Sg6z3t46yVJ5</transactionKey>		</merchantAuthentication>
		<subscriptionId></subscriptionId>
	</ARBCancelSubscriptionRequest>

------------

<?xml version="1.0" encoding="utf-8"?>
<ARBCreateSubscriptionRequest xmlns= "AnetApi/xml/v1/schema/AnetApiSchema.xsd">
	<merchantAuthentication>
		<name>4DvS9sFkx3R</name>		<transactionKey>8J95Sg6z3t46yVJ5</transactionKey>	</merchantAuthentication>	<subscription>
		<name>Rainleads basic</name>
		<paymentSchedule>
			<interval>
				<length>1</length>
				<unit>months</unit>
			</interval>
			<startDate>2013-01-19</startDate>
			<totalOccurrences>9999</totalOccurrences>
			<trialOccurrences>2</trialOccurrences>
		</paymentSchedule>
		<amount>29</amount>
		<trialAmount>0</trialAmount>
		<payment>
			<creditCard>
				<cardNumber>xxxx xxxx xxxx 6398</cardNumber>
				<expirationDate>2014-02</expirationDate>
				<cardCode>809</cardCode>
			</creditCard>
		</payment>
		<customer>
			<id>19</id>
			<email>test4@lucvachon.com</email>
		</customer>
		<billTo>
			<firstName>Test</firstName>
			<lastName>Accountish</lastName>
			<address></address>
			<city></city>
			<state>AL</state>
			<zip>01821</zip>
		</billTo>
	</subscription>
</ARBCreateSubscriptionRequest>
15361650
------------

<?xml version='1.0' encoding='utf-8'?>
	<ARBCancelSubscriptionRequest xmlns="AnetApi/xml/v1/schema/AnetApiSchema.xsd">
		<merchantAuthentication>
			<name>4DvS9sFkx3R</name>			<transactionKey>8J95Sg6z3t46yVJ5</transactionKey>		</merchantAuthentication>
		<subscriptionId>15361650</subscriptionId>
	</ARBCancelSubscriptionRequest>

------------

<?xml version="1.0" encoding="utf-8"?>
<ARBCreateSubscriptionRequest xmlns= "AnetApi/xml/v1/schema/AnetApiSchema.xsd">
	<merchantAuthentication>
		<name>4DvS9sFkx3R</name>		<transactionKey>8J95Sg6z3t46yVJ5</transactionKey>	</merchantAuthentication>	<subscription>
		<name>Rainleads lite</name>
		<paymentSchedule>
			<interval>
				<length>1</length>
				<unit>months</unit>
			</interval>
			<startDate>2013-01-19</startDate>
			<totalOccurrences>9999</totalOccurrences>
		</paymentSchedule>
		<amount>9</amount>
		<payment>
			<creditCard>
				<cardNumber>xxxx xxxx xxxx 6398</cardNumber>
				<expirationDate>2014-02</expirationDate>
				<cardCode>809</cardCode>
			</creditCard>
		</payment>
		<customer>
			<id>19</id>
			<email>test4@lucvachon.com</email>
		</customer>
		<billTo>
			<firstName>Test</firstName>
			<lastName>Accountish</lastName>
			<address></address>
			<city></city>
			<state>AL</state>
			<zip>01821</zip>
		</billTo>
	</subscription>
</ARBCreateSubscriptionRequest>
15361878
------------

<?xml version='1.0' encoding='utf-8'?>
	<ARBCancelSubscriptionRequest xmlns="AnetApi/xml/v1/schema/AnetApiSchema.xsd">
		<merchantAuthentication>
			<name>4DvS9sFkx3R</name>			<transactionKey>8J95Sg6z3t46yVJ5</transactionKey>		</merchantAuthentication>
		<subscriptionId>15361878</subscriptionId>
	</ARBCancelSubscriptionRequest>

------------

<?xml version="1.0" encoding="utf-8"?>
<ARBCreateSubscriptionRequest xmlns= "AnetApi/xml/v1/schema/AnetApiSchema.xsd">
	<merchantAuthentication>
		<name>4DvS9sFkx3R</name>		<transactionKey>8J95Sg6z3t46yVJ5</transactionKey>	</merchantAuthentication>	<subscription>
		<name>Rainleads lite</name>
		<paymentSchedule>
			<interval>
				<length>1</length>
				<unit>months</unit>
			</interval>
			<startDate>2013-01-19</startDate>
			<totalOccurrences>9999</totalOccurrences>
			<trialOccurrences>2</trialOccurrences>
		</paymentSchedule>
		<amount>9</amount>
		<trialAmount>0</trialAmount>
		<payment>
			<creditCard>
				<cardNumber>xxxx xxxx xxxx 6398</cardNumber>
				<expirationDate>2014-02</expirationDate>
				<cardCode>809</cardCode>
			</creditCard>
		</payment>
		<customer>
			<id>2</id>
			<email>luc@pearsestreet.com</email>
		</customer>
		<billTo>
			<firstName>Luc</firstName>
			<lastName>Vachon</lastName>
			<address>18 arcadia rd</address>
			<city></city>
			<state>AL</state>
			<zip>01821</zip>
		</billTo>
	</subscription>
</ARBCreateSubscriptionRequest>
15365637
------------

<?xml version='1.0' encoding='utf-8'?>
	<ARBCancelSubscriptionRequest xmlns="AnetApi/xml/v1/schema/AnetApiSchema.xsd">
		<merchantAuthentication>
			<name>4DvS9sFkx3R</name>			<transactionKey>8J95Sg6z3t46yVJ5</transactionKey>		</merchantAuthentication>
		<subscriptionId>15365637</subscriptionId>
	</ARBCancelSubscriptionRequest>

------------

<?xml version="1.0" encoding="utf-8"?>
<ARBCreateSubscriptionRequest xmlns= "AnetApi/xml/v1/schema/AnetApiSchema.xsd">
	<merchantAuthentication>
		<name>7tZv74PcN7</name>		<transactionKey>6WM9t39tQ9R9Us9Y</transactionKey>	</merchantAuthentication>	<subscription>
		<name>Rainleads pro</name>
		<paymentSchedule>
			<interval>
				<length>1</length>
				<unit>months</unit>
			</interval>
			<startDate>2012-12-21</startDate>
			<totalOccurrences>9999</totalOccurrences>
		</paymentSchedule>
		<amount>49</amount>
		<payment>
			<creditCard>
				<cardNumber>xxxx xxxx xxxx 6398</cardNumber>
				<expirationDate>2014-02</expirationDate>
				<cardCode>809</cardCode>
			</creditCard>
		</payment>
		<customer>
			<id>2</id>
			<email>luc@pearsestreet.com</email>
		</customer>
		<billTo>
			<firstName>Luc</firstName>
			<lastName>Vachon</lastName>
			<address>18 Arcadia rd</address>
			<city></city>
			<state>AL</state>
			<zip>01821</zip>
		</billTo>
	</subscription>
</ARBCreateSubscriptionRequest>
15373306
------------

<?xml version="1.0" encoding="utf-8"?>
<ARBCreateSubscriptionRequest xmlns= "AnetApi/xml/v1/schema/AnetApiSchema.xsd">
	<merchantAuthentication>
		<name>7tZv74PcN7</name>		<transactionKey>6WM9t39tQ9R9Us9Y</transactionKey>	</merchantAuthentication>	<subscription>
		<name>Rainleads pro</name>
		<paymentSchedule>
			<interval>
				<length>1</length>
				<unit>months</unit>
			</interval>
			<startDate>2013-01-19</startDate>
			<totalOccurrences>9999</totalOccurrences>
			<trialOccurrences>85</trialOccurrences>
		</paymentSchedule>
		<amount>49</amount>
		<trialAmount>0</trialAmount>
		<payment>
			<creditCard>
				<cardNumber>xxxx xxxx xxxx 6478</cardNumber>
				<expirationDate>2014-11</expirationDate>
				<cardCode>494</cardCode>
			</creditCard>
		</payment>
		<customer>
			<id>17</id>
			<email>admin@pearsestreet.com</email>
		</customer>
		<billTo>
			<firstName>Fuchsia</firstName>
			<lastName>McInerney</lastName>
			<address>2 hillcrest ave</address>
			<city>lynn</city>
			<state>MA</state>
			<zip>01904</zip>
		</billTo>
	</subscription>
</ARBCreateSubscriptionRequest>
15515859
------------

<?xml version="1.0" encoding="utf-8"?>
<ARBCreateSubscriptionRequest xmlns= "AnetApi/xml/v1/schema/AnetApiSchema.xsd">
	<merchantAuthentication>
		<name>7tZv74PcN7</name>		<transactionKey>6WM9t39tQ9R9Us9Y</transactionKey>	</merchantAuthentication>	<subscription>
		<name>Rainleads pro</name>
		<paymentSchedule>
			<interval>
				<length>1</length>
				<unit>months</unit>
			</interval>
			<startDate>2013-01-12</startDate>
			<totalOccurrences>9999</totalOccurrences>
			<trialOccurrences>85</trialOccurrences>
		</paymentSchedule>
		<amount>49</amount>
		<trialAmount>0</trialAmount>
		<payment>
			<creditCard>
				<cardNumber>xxxx xxxx xxxx 6398</cardNumber>
				<expirationDate>2014-02</expirationDate>
				<cardCode>809</cardCode>
			</creditCard>
		</payment>
		<customer>
			<id>2</id>
			<email>luc@pearsestreet.com</email>
		</customer>
		<billTo>
			<firstName>Luc</firstName>
			<lastName>Vachon</lastName>
			<address></address>
			<city></city>
			<state>CT</state>
			<zip>01821</zip>
		</billTo>
	</subscription>
</ARBCreateSubscriptionRequest>
15526803
------------

<?xml version="1.0" encoding="utf-8"?>
<ARBCreateSubscriptionRequest xmlns= "AnetApi/xml/v1/schema/AnetApiSchema.xsd">
	<merchantAuthentication>
		<name>7tZv74PcN7</name>		<transactionKey>6WM9t39tQ9R9Us9Y</transactionKey>	</merchantAuthentication>	<subscription>
		<name>Rainleads pro</name>
		<paymentSchedule>
			<interval>
				<length>1</length>
				<unit>months</unit>
			</interval>
			<startDate>2013-02-07</startDate>
			<totalOccurrences>9999</totalOccurrences>
			<trialOccurrences>2</trialOccurrences>
		</paymentSchedule>
		<amount>49</amount>
		<trialAmount>0</trialAmount>
		<payment>
			<creditCard>
				<cardNumber>xxxx xxxx xxxx 0063</cardNumber>
				<expirationDate>2014-11</expirationDate>
				<cardCode>249</cardCode>
			</creditCard>
		</payment>
		<customer>
			<id>22</id>
			<email>mocroi@gmail.com</email>
		</customer>
		<billTo>
			<firstName>Eva</firstName>
			<lastName>Rose</lastName>
			<address>2 hillcrest ave</address>
			<city>lynn</city>
			<state>MA</state>
			<zip>01904</zip>
		</billTo>
	</subscription>
</ARBCreateSubscriptionRequest>
15527313
------------

<?xml version="1.0" encoding="utf-8"?>
<ARBCreateSubscriptionRequest xmlns= "AnetApi/xml/v1/schema/AnetApiSchema.xsd">
	<merchantAuthentication>
		<name>7tZv74PcN7</name>		<transactionKey>6WM9t39tQ9R9Us9Y</transactionKey>	</merchantAuthentication>	<subscription>
		<name>Rainleads basic</name>
		<paymentSchedule>
			<interval>
				<length>1</length>
				<unit>months</unit>
			</interval>
			<startDate>2013-02-07</startDate>
			<totalOccurrences>9999</totalOccurrences>
			<trialOccurrences>2</trialOccurrences>
		</paymentSchedule>
		<amount>29</amount>
		<trialAmount>0</trialAmount>
		<payment>
			<creditCard>
				<cardNumber>xxxx xxxx xxxx 7043</cardNumber>
				<expirationDate>2014-11</expirationDate>
				<cardCode>376</cardCode>
			</creditCard>
		</payment>
		<customer>
			<id>23</id>
			<email>jon@pearsestreet.com</email>
		</customer>
		<billTo>
			<firstName>Jon</firstName>
			<lastName>McInerney</lastName>
			<address>2 hillcrest ave</address>
			<city>lynn</city>
			<state>MA</state>
			<zip>01904</zip>
		</billTo>
	</subscription>
</ARBCreateSubscriptionRequest>
15527469
------------

<?xml version="1.0" encoding="utf-8"?>
<ARBCreateSubscriptionRequest xmlns= "AnetApi/xml/v1/schema/AnetApiSchema.xsd">
	<merchantAuthentication>
		<name>7tZv74PcN7</name>		<transactionKey>6WM9t39tQ9R9Us9Y</transactionKey>	</merchantAuthentication>	<subscription>
		<name>Rainleads pro</name>
		<paymentSchedule>
			<interval>
				<length>1</length>
				<unit>months</unit>
			</interval>
			<startDate>2013-01-12</startDate>
			<totalOccurrences>9999</totalOccurrences>
			<trialOccurrences>85</trialOccurrences>
		</paymentSchedule>
		<amount>49</amount>
		<trialAmount>0</trialAmount>
		<payment>
			<creditCard>
				<cardNumber>xxxx xxxx xxxx 6398</cardNumber>
				<expirationDate>2014-02</expirationDate>
				<cardCode>809</cardCode>
			</creditCard>
		</payment>
		<customer>
			<id>2</id>
			<email>luc@pearsestreet.com</email>
		</customer>
		<billTo>
			<firstName>Luc</firstName>
			<lastName>Vachon</lastName>
			<address></address>
			<city></city>
			<state>AL</state>
			<zip>01821</zip>
		</billTo>
	</subscription>
</ARBCreateSubscriptionRequest>
15531973
------------

<?xml version="1.0" encoding="utf-8"?>
<ARBCreateSubscriptionRequest xmlns= "AnetApi/xml/v1/schema/AnetApiSchema.xsd">
	<merchantAuthentication>
		<name>7tZv74PcN7</name>		<transactionKey>6WM9t39tQ9R9Us9Y</transactionKey>	</merchantAuthentication>	<subscription>
		<name>Rainleads lite</name>
		<paymentSchedule>
			<interval>
				<length>1</length>
				<unit>months</unit>
			</interval>
			<startDate>2013-02-09</startDate>
			<totalOccurrences>9999</totalOccurrences>
		</paymentSchedule>
		<amount>9</amount>
		<payment>
			<creditCard>
				<cardNumber>xxxx xxxx xxxx 6478</cardNumber>
				<expirationDate>2014-11</expirationDate>
				<cardCode>494</cardCode>
			</creditCard>
		</payment>
		<customer>
			<id>24</id>
			<email>jon@pearsestreet.com</email>
		</customer>
		<billTo>
			<firstName>fuchsia</firstName>
			<lastName>mcinerney</lastName>
			<address></address>
			<city></city>
			<state>AL</state>
			<zip>01904</zip>
		</billTo>
	</subscription>
</ARBCreateSubscriptionRequest>
15553433
------------

<?xml version="1.0" encoding="utf-8"?>
<ARBUpdateSubscriptionRequest xmlns="AnetApi/xml/v1/schema/AnetApiSchema.xsd">
	<merchantAuthentication>
		<name>7tZv74PcN7</name>		<transactionKey>6WM9t39tQ9R9Us9Y</transactionKey>	</merchantAuthentication>	<subscriptionId>15553433</subscriptionId>	<subscription>
		<amount>29</amount>
		<payment>
			<creditCard>
				<cardNumber>xxxx xxxx xxxx 6478</cardNumber>
				<expirationDate>2014-11</expirationDate>
				<cardCode>494</cardCode>
			</creditCard>
		</payment>
		<customer>
			<id>24</id>
			<email>jon@pearsestreet.com</email>
		</customer>
		<billTo>
			<firstName>fuchsia</firstName>
			<lastName>McInerney</lastName>
			<address></address>
			<city></city>
			<state>AL</state>
			<zip>01904</zip>
		</billTo>
	</subscription>
</ARBUpdateSubscriptionRequest>
15553433
------------

<?xml version="1.0" encoding="utf-8"?>
<ARBCreateSubscriptionRequest xmlns= "AnetApi/xml/v1/schema/AnetApiSchema.xsd">
	<merchantAuthentication>
		<name>7tZv74PcN7</name>		<transactionKey>6WM9t39tQ9R9Us9Y</transactionKey>	</merchantAuthentication>	<subscription>
		<name>Rainleads pro</name>
		<paymentSchedule>
			<interval>
				<length>1</length>
				<unit>months</unit>
			</interval>
			<startDate>2013-02-10</startDate>
			<totalOccurrences>9999</totalOccurrences>
			<trialOccurrences>85</trialOccurrences>
		</paymentSchedule>
		<amount>49</amount>
		<trialAmount>0</trialAmount>
		<payment>
			<creditCard>
				<cardNumber>xxxx xxxx xxxx 6478</cardNumber>
				<expirationDate>2014-11</expirationDate>
				<cardCode>494</cardCode>
			</creditCard>
		</payment>
		<customer>
			<id>2</id>
			<email>ceo@pearsestreet.com</email>
		</customer>
		<billTo>
			<firstName>Fuchsia</firstName>
			<lastName>McInerney</lastName>
			<address></address>
			<city></city>
			<state>AL</state>
			<zip>01904</zip>
		</billTo>
	</subscription>
</ARBCreateSubscriptionRequest>
15566924
------------

<?xml version="1.0" encoding="utf-8"?>
<ARBCreateSubscriptionRequest xmlns= "AnetApi/xml/v1/schema/AnetApiSchema.xsd">
	<merchantAuthentication>
		<name>7tZv74PcN7</name>		<transactionKey>6WM9t39tQ9R9Us9Y</transactionKey>	</merchantAuthentication>	<subscription>
		<name>Rainleads pro</name>
		<paymentSchedule>
			<interval>
				<length>1</length>
				<unit>months</unit>
			</interval>
			<startDate>2013-02-10</startDate>
			<totalOccurrences>9999</totalOccurrences>
			<trialOccurrences>85</trialOccurrences>
		</paymentSchedule>
		<amount>49</amount>
		<trialAmount>0</trialAmount>
		<payment>
			<creditCard>
				<cardNumber>xxxx xxxx xxxx 6398</cardNumber>
				<expirationDate>2014-02</expirationDate>
				<cardCode>809</cardCode>
			</creditCard>
		</payment>
		<customer>
			<id>1</id>
			<email>luc@pearsestreet.com</email>
		</customer>
		<billTo>
			<firstName>Luc</firstName>
			<lastName>Vachon</lastName>
			<address></address>
			<city></city>
			<state>AL</state>
			<zip>01821</zip>
		</billTo>
	</subscription>
</ARBCreateSubscriptionRequest>
15596574
------------

<?xml version="1.0" encoding="utf-8"?>
<ARBCreateSubscriptionRequest xmlns= "AnetApi/xml/v1/schema/AnetApiSchema.xsd">
	<merchantAuthentication>
		<name>7tZv74PcN7</name>		<transactionKey>6WM9t39tQ9R9Us9Y</transactionKey>	</merchantAuthentication>	<subscription>
		<name>Rainleads pro</name>
		<paymentSchedule>
			<interval>
				<length>1</length>
				<unit>months</unit>
			</interval>
			<startDate>2013-02-17</startDate>
			<totalOccurrences>9999</totalOccurrences>
		</paymentSchedule>
		<amount>49</amount>
		<payment>
			<creditCard>
				<cardNumber>xxxx xxxx xxxx 0063</cardNumber>
				<expirationDate>2014-11</expirationDate>
				<cardCode>249</cardCode>
			</creditCard>
		</payment>
		<customer>
			<id>11</id>
			<email>jane@smith.com</email>
		</customer>
		<billTo>
			<firstName>Fuchsia</firstName>
			<lastName>McInerney</lastName>
			<address></address>
			<city></city>
			<state>AL</state>
			<zip>01904</zip>
		</billTo>
	</subscription>
</ARBCreateSubscriptionRequest>
15635530
------------

<?xml version="1.0" encoding="utf-8"?>
<ARBCreateSubscriptionRequest xmlns= "AnetApi/xml/v1/schema/AnetApiSchema.xsd">
	<merchantAuthentication>
		<name>7tZv74PcN7</name>		<transactionKey>6WM9t39tQ9R9Us9Y</transactionKey>	</merchantAuthentication>	<subscription>
		<name>Rainleads basic</name>
		<paymentSchedule>
			<interval>
				<length>1</length>
				<unit>months</unit>
			</interval>
			<startDate>2013-02-17</startDate>
			<totalOccurrences>9999</totalOccurrences>
		</paymentSchedule>
		<amount>29</amount>
		<payment>
			<creditCard>
				<cardNumber>xxxx xxxx xxxx 0063</cardNumber>
				<expirationDate>2014-11</expirationDate>
				<cardCode>249</cardCode>
			</creditCard>
		</payment>
		<customer>
			<id>13</id>
			<email>info@pearsestreet.com</email>
		</customer>
		<billTo>
			<firstName>Fuchsia</firstName>
			<lastName>McInerney</lastName>
			<address></address>
			<city></city>
			<state>AL</state>
			<zip>01904</zip>
		</billTo>
	</subscription>
</ARBCreateSubscriptionRequest>
15637338
------------

